Start testing: Jun 02 20:36 IST
----------------------------------------------------------
1/6 Testing: test_arc_cache
1/6 Test: test_arc_cache
Command: "/home/krxsna/dev/caamas/build/test_arc_cache"
Directory: /home/krxsna/dev/caamas/build
"test_arc_cache" start time: Jun 02 20:36 IST
Output:
----------------------------------------------------------
[PASS] test_basic_insert_and_access
[PASS] test_eviction (evictions=6)
[PASS] test_pin_app
[PASS] test_boost_factor
[PASS] test_clear

=== ARC Cache: 5 tests passed ===
<end of output>
Test time =   0.00 sec
----------------------------------------------------------
Test Passed.
"test_arc_cache" end time: Jun 02 20:36 IST
"test_arc_cache" time elapsed: 00:00:00
----------------------------------------------------------

2/6 Testing: test_psi_monitor
2/6 Test: test_psi_monitor
Command: "/home/krxsna/dev/caamas/build/test_psi_monitor"
Directory: /home/krxsna/dev/caamas/build
"test_psi_monitor" start time: Jun 02 20:36 IST
Output:
----------------------------------------------------------
[PASS] test_psi_parse (default construct)
[PASS] test_pressure_classification (default NONE)

=== PSI Monitor: 2 tests passed ===
<end of output>
Test time =   0.00 sec
----------------------------------------------------------
Test Passed.
"test_psi_monitor" end time: Jun 02 20:36 IST
"test_psi_monitor" time elapsed: 00:00:00
----------------------------------------------------------

3/6 Testing: test_confidence_gate
3/6 Test: test_confidence_gate
Command: "/home/krxsna/dev/caamas/build/test_confidence_gate"
Directory: /home/krxsna/dev/caamas/build
"test_confidence_gate" start time: Jun 02 20:36 IST
Output:
----------------------------------------------------------
[PASS] test_high_confidence_preload
[PASS] test_low_confidence_defer
[PASS] test_thermal_throttling
[PASS] test_user_tier_thresholds
[PASS] test_system_under_pressure
[PASS] test_gru_disable

=== Confidence Gate: 6 tests passed ===
<end of output>
Test time =   0.00 sec
----------------------------------------------------------
Test Passed.
"test_confidence_gate" end time: Jun 02 20:36 IST
"test_confidence_gate" time elapsed: 00:00:00
----------------------------------------------------------

4/6 Testing: test_kv_cache
4/6 Test: test_kv_cache
Command: "/home/krxsna/dev/caamas/build/test_kv_cache"
Directory: /home/krxsna/dev/caamas/build
"test_kv_cache" start time: Jun 02 20:36 IST
Output:
----------------------------------------------------------
[PASS] test_key_quantization_roundtrip (RMSE=0.2079)
[PASS] test_value_quantization_roundtrip (RMSE=0.0189)
[INFO] FP32=131072 bytes, compressed=18432 bytes, ratio=7.1x
[PASS] test_compression_ratio (7.1x)
[PASS] test_block_alloc_free

=== KV Cache: 4 tests passed ===
<end of output>
Test time =   0.01 sec
----------------------------------------------------------
Test Passed.
"test_kv_cache" end time: Jun 02 20:36 IST
"test_kv_cache" time elapsed: 00:00:00
----------------------------------------------------------

5/6 Testing: test_working_set
5/6 Test: test_working_set
Command: "/home/krxsna/dev/caamas/build/test_working_set"
Directory: /home/krxsna/dev/caamas/build
"test_working_set" start time: Jun 02 20:36 IST
Output:
----------------------------------------------------------
[INFO] Self: PID=286412 PSS=379 KB RSS=3924 KB name=/home/krxsna/dev/caamas/build/test_working_set
[PASS] test_scan_all (110 processes found)
[PASS] test_refault_rate (0.00/s)
[PASS] test_thrashing_detection
[INFO] Compaction candidates: 85
[PASS] test_compaction_candidates

=== Working Set Monitor: 4 tests passed ===
<end of output>
Test time =   0.51 sec
----------------------------------------------------------
Test Passed.
"test_working_set" end time: Jun 02 20:36 IST
"test_working_set" time elapsed: 00:00:00
----------------------------------------------------------

6/6 Testing: test_gru_inference
6/6 Test: test_gru_inference
Command: "/home/krxsna/dev/caamas/build/test_gru_inference"
Directory: /home/krxsna/dev/caamas/build
"test_gru_inference" start time: Jun 02 20:36 IST
Output:
----------------------------------------------------------
[PASS] test_fallback_prediction: app=3 conf=0.436 time=140 us
[PASS] test_empty_sequence: app=1 conf=0.150
[PASS] test_benchmark: latency=0.019 ms throughput=53079/s
[PASS] test_weight_export: 0 values
[PASS] test_load_model_missing_file: fallback works after failed load

=== GRU Inference: 5 tests passed ===
<end of output>
Test time =   0.01 sec
----------------------------------------------------------
Test Passed.
"test_gru_inference" end time: Jun 02 20:36 IST
"test_gru_inference" time elapsed: 00:00:00
----------------------------------------------------------

End testing: Jun 02 20:36 IST
